TN:
SF:/Users/andeladeveloper/Code/Adonis/blaze-commerce/vowfile.js
FN:15,(anonymous_0)
FN:16,(anonymous_1)
FN:39,(anonymous_2)
FNF:3
FNH:3
FNDA:1,(anonymous_0)
FNDA:1,(anonymous_1)
FNDA:1,(anonymous_2)
DA:13,1
DA:15,1
DA:16,1
DA:26,1
DA:36,1
DA:39,1
DA:48,1
DA:59,1
LF:8
LH:8
BRF:0
BRH:0
end_of_record
TN:
SF:/Users/andeladeveloper/Code/Adonis/blaze-commerce/app/Models/User.js
FN:6,(anonymous_0)
FN:29,(anonymous_1)
FNF:2
FNH:1
FNDA:1,(anonymous_0)
FNDA:0,(anonymous_1)
DA:3,1
DA:7,1
DA:16,1
DA:30,0
DA:34,1
LF:5
LH:4
BRF:0
BRH:0
end_of_record
TN:
SF:/Users/andeladeveloper/Code/Adonis/blaze-commerce/app/Models/Hooks/User.js
FN:16,(anonymous_0)
FNF:1
FNH:1
FNDA:1,(anonymous_0)
DA:3,1
DA:5,1
DA:16,1
DA:17,1
DA:18,1
LF:5
LH:5
BRDA:17,0,0,1
BRDA:17,0,1,0
BRF:2
BRH:1
end_of_record
TN:
SF:/Users/andeladeveloper/Code/Adonis/blaze-commerce/config/app.js
FNF:0
FNH:0
DA:3,1
DA:5,1
LF:2
LH:2
BRF:0
BRH:0
end_of_record
TN:
SF:/Users/andeladeveloper/Code/Adonis/blaze-commerce/config/auth.js
FNF:0
FNH:0
DA:3,1
DA:5,1
LF:2
LH:2
BRF:0
BRH:0
end_of_record
TN:
SF:/Users/andeladeveloper/Code/Adonis/blaze-commerce/config/bodyParser.js
FNF:0
FNH:0
DA:3,1
LF:1
LH:1
BRF:0
BRH:0
end_of_record
TN:
SF:/Users/andeladeveloper/Code/Adonis/blaze-commerce/config/cors.js
FNF:0
FNH:0
DA:3,1
LF:1
LH:1
BRF:0
BRH:0
end_of_record
TN:
SF:/Users/andeladeveloper/Code/Adonis/blaze-commerce/config/database.js
FNF:0
FNH:0
DA:3,1
DA:4,1
DA:6,1
LF:3
LH:3
BRF:0
BRH:0
end_of_record
TN:
SF:/Users/andeladeveloper/Code/Adonis/blaze-commerce/database/factory.js
FNF:0
FNH:0
LF:0
LH:0
BRF:0
BRH:0
end_of_record
TN:
SF:/Users/andeladeveloper/Code/Adonis/blaze-commerce/database/migrations/1503250034279_user.js
FN:6,(anonymous_0)
FN:7,(anonymous_1)
FN:16,(anonymous_2)
FNF:3
FNH:3
FNDA:1,(anonymous_0)
FNDA:1,(anonymous_1)
FNDA:1,(anonymous_2)
DA:3,1
DA:7,1
DA:8,1
DA:9,1
DA:10,1
DA:11,1
DA:12,1
DA:17,1
DA:21,1
LF:9
LH:9
BRF:0
BRH:0
end_of_record
TN:
SF:/Users/andeladeveloper/Code/Adonis/blaze-commerce/database/migrations/1503250034280_token.js
FN:6,(anonymous_0)
FN:7,(anonymous_1)
FN:17,(anonymous_2)
FNF:3
FNH:3
FNDA:1,(anonymous_0)
FNDA:1,(anonymous_1)
FNDA:1,(anonymous_2)
DA:3,1
DA:7,1
DA:8,1
DA:9,1
DA:10,1
DA:11,1
DA:12,1
DA:13,1
DA:18,1
DA:22,1
LF:10
LH:10
BRF:0
BRH:0
end_of_record
TN:
SF:/Users/andeladeveloper/Code/Adonis/blaze-commerce/start/app.js
FNF:0
FNH:0
DA:13,1
DA:30,1
DA:47,1
DA:57,1
DA:59,1
LF:5
LH:5
BRF:0
BRH:0
end_of_record
TN:
SF:/Users/andeladeveloper/Code/Adonis/blaze-commerce/start/kernel.js
FNF:0
FNH:0
DA:3,1
DA:14,1
DA:35,1
DA:49,1
DA:54,1
LF:5
LH:5
BRF:0
BRH:0
end_of_record
TN:
SF:/Users/andeladeveloper/Code/Adonis/blaze-commerce/start/routes.js
FN:19,(anonymous_0)
FN:23,(anonymous_1)
FNF:2
FNH:1
FNDA:0,(anonymous_0)
FNDA:1,(anonymous_1)
DA:16,1
DA:17,1
DA:19,1
DA:20,0
DA:23,1
DA:24,1
LF:6
LH:5
BRF:0
BRH:0
end_of_record
